# JRE version: Java(TM) SE Runtime Environment (8.0_111-b14) (build 1.8.0_111-b14)
# Java VM: Java HotSpot(TM) 64-Bit Server VM (25.111-b14 mixed mode windows-amd64 compressed oops)
Heap:
 PSYoungGen      total 35328K, used 33697K [0x00000000eb400000, 0x00000000ed900000, 0x0000000100000000)
  eden space 32768K, 95% used [0x00000000eb400000,0x00000000ed26c2b8,0x00000000ed400000)
  from space 2560K, 99% used [0x00000000ed400000,0x00000000ed67c538,0x00000000ed680000)
  to   space 2560K, 0% used [0x00000000ed680000,0x00000000ed680000,0x00000000ed900000)
 ParOldGen       total 35840K, used 9301K [0x00000000c1c00000, 0x00000000c3f00000, 0x00000000eb400000)
  object space 35840K, 25% used [0x00000000c1c00000,0x00000000c2515580,0x00000000c3f00000)
 Metaspace       used 25799K, capacity 26050K, committed 26368K, reserved 1073152K
  class space    used 3133K, capacity 3214K, committed 3328K, reserved 1048576K
GC Heap History (10 events):
Event: 0.894 GC heap before
{Heap before GC invocations=4 (full 0):
 PSYoungGen      total 18944K, used 18928K [0x00000000eb400000, 0x00000000ed900000, 0x0000000100000000)
  eden space 16384K, 100% used [0x00000000eb400000,0x00000000ec400000,0x00000000ec400000)
  from space 2560K, 99% used [0x00000000ec400000,0x00000000ec67c010,0x00000000ec680000)
  to   space 2560K, 0% used [0x00000000ed680000,0x00000000ed680000,0x00000000ed900000)
 ParOldGen       total 44032K, used 4255K [0x00000000c1c00000, 0x00000000c4700000, 0x00000000eb400000)
  object space 44032K, 9% used [0x00000000c1c00000,0x00000000c2027ef8,0x00000000c4700000)
 Metaspace       used 16046K, capacity 16208K, committed 16384K, reserved 1062912K
  class space    used 1926K, capacity 1956K, committed 2048K, reserved 1048576K
Event: 0.901 GC heap after
Heap after GC invocations=4 (full 0):
 PSYoungGen      total 35328K, used 2528K [0x00000000eb400000, 0x00000000ed900000, 0x0000000100000000)
  eden space 32768K, 0% used [0x00000000eb400000,0x00000000eb400000,0x00000000ed400000)
  from space 2560K, 98% used [0x00000000ed680000,0x00000000ed8f8050,0x00000000ed900000)
  to   space 2560K, 0% used [0x00000000ed400000,0x00000000ed400000,0x00000000ed680000)
 ParOldGen       total 44032K, used 7425K [0x00000000c1c00000, 0x00000000c4700000, 0x00000000eb400000)
  object space 44032K, 16% used [0x00000000c1c00000,0x00000000c2340590,0x00000000c4700000)
 Metaspace       used 16046K, capacity 16208K, committed 16384K, reserved 1062912K
  class space    used 1926K, capacity 1956K, committed 2048K, reserved 1048576K
}
Event: 1.304 GC heap before
{Heap before GC invocations=5 (full 0):
 PSYoungGen      total 35328K, used 35296K [0x00000000eb400000, 0x00000000ed900000, 0x0000000100000000)
  eden space 32768K, 100% used [0x00000000eb400000,0x00000000ed400000,0x00000000ed400000)
  from space 2560K, 98% used [0x00000000ed680000,0x00000000ed8f8050,0x00000000ed900000)
  to   space 2560K, 0% used [0x00000000ed400000,0x00000000ed400000,0x00000000ed680000)
 ParOldGen       total 44032K, used 7425K [0x00000000c1c00000, 0x00000000c4700000, 0x00000000eb400000)
  object space 44032K, 16% used [0x00000000c1c00000,0x00000000c2340590,0x00000000c4700000)
 Metaspace       used 20720K, capacity 21010K, committed 21296K, reserved 1069056K
  class space    used 2485K, capacity 2566K, committed 2688K, reserved 1048576K
Event: 1.312 GC heap after
Heap after GC invocations=5 (full 0):
 PSYoungGen      total 35328K, used 2560K [0x00000000eb400000, 0x00000000ed900000, 0x0000000100000000)
  eden space 32768K, 0% used [0x00000000eb400000,0x00000000eb400000,0x00000000ed400000)
  from space 2560K, 100% used [0x00000000ed400000,0x00000000ed680000,0x00000000ed680000)
  to   space 2560K, 0% used [0x00000000ed680000,0x00000000ed680000,0x00000000ed900000)
 ParOldGen       total 44032K, used 11678K [0x00000000c1c00000, 0x00000000c4700000, 0x00000000eb400000)
  object space 44032K, 26% used [0x00000000c1c00000,0x00000000c2767828,0x00000000c4700000)
 Metaspace       used 20720K, capacity 21010K, committed 21296K, reserved 1069056K
  class space    used 2485K, capacity 2566K, committed 2688K, reserved 1048576K
}
Event: 1.339 GC heap before
{Heap before GC invocations=6 (full 0):
 PSYoungGen      total 35328K, used 4750K [0x00000000eb400000, 0x00000000ed900000, 0x0000000100000000)
  eden space 32768K, 6% used [0x00000000eb400000,0x00000000eb623b28,0x00000000ed400000)
  from space 2560K, 100% used [0x00000000ed400000,0x00000000ed680000,0x00000000ed680000)
  to   space 2560K, 0% used [0x00000000ed680000,0x00000000ed680000,0x00000000ed900000)
 ParOldGen       total 44032K, used 11678K [0x00000000c1c00000, 0x00000000c4700000, 0x00000000eb400000)
  object space 44032K, 26% used [0x00000000c1c00000,0x00000000c2767828,0x00000000c4700000)
 Metaspace       used 20822K, capacity 21080K, committed 21296K, reserved 1069056K
  class space    used 2498K, capacity 2567K, committed 2688K, reserved 1048576K
Event: 1.346 GC heap after
Heap after GC invocations=6 (full 0):
 PSYoungGen      total 35328K, used 2544K [0x00000000eb400000, 0x00000000ed900000, 0x0000000100000000)
  eden space 32768K, 0% used [0x00000000eb400000,0x00000000eb400000,0x00000000ed400000)
  from space 2560K, 99% used [0x00000000ed680000,0x00000000ed8fc010,0x00000000ed900000)
  to   space 2560K, 0% used [0x00000000ed400000,0x00000000ed400000,0x00000000ed680000)
 ParOldGen       total 44032K, used 11939K [0x00000000c1c00000, 0x00000000c4700000, 0x00000000eb400000)
  object space 44032K, 27% used [0x00000000c1c00000,0x00000000c27a8df8,0x00000000c4700000)
 Metaspace       used 20822K, capacity 21080K, committed 21296K, reserved 1069056K
  class space    used 2498K, capacity 2567K, committed 2688K, reserved 1048576K
}
Event: 1.346 GC heap before
{Heap before GC invocations=7 (full 1):
 PSYoungGen      total 35328K, used 2544K [0x00000000eb400000, 0x00000000ed900000, 0x0000000100000000)
  eden space 32768K, 0% used [0x00000000eb400000,0x00000000eb400000,0x00000000ed400000)
  from space 2560K, 99% used [0x00000000ed680000,0x00000000ed8fc010,0x00000000ed900000)
  to   space 2560K, 0% used [0x00000000ed400000,0x00000000ed400000,0x00000000ed680000)
 ParOldGen       total 44032K, used 11939K [0x00000000c1c00000, 0x00000000c4700000, 0x00000000eb400000)
  object space 44032K, 27% used [0x00000000c1c00000,0x00000000c27a8df8,0x00000000c4700000)
 Metaspace       used 20822K, capacity 21080K, committed 21296K, reserved 1069056K
  class space    used 2498K, capacity 2567K, committed 2688K, reserved 1048576K
Event: 1.394 GC heap after
Heap after GC invocations=7 (full 1):
 PSYoungGen      total 35328K, used 0K [0x00000000eb400000, 0x00000000ed900000, 0x0000000100000000)
  eden space 32768K, 0% used [0x00000000eb400000,0x00000000eb400000,0x00000000ed400000)
  from space 2560K, 0% used [0x00000000ed680000,0x00000000ed680000,0x00000000ed900000)
  to   space 2560K, 0% used [0x00000000ed400000,0x00000000ed400000,0x00000000ed680000)
 ParOldGen       total 35840K, used 8305K [0x00000000c1c00000, 0x00000000c3f00000, 0x00000000eb400000)
  object space 35840K, 23% used [0x00000000c1c00000,0x00000000c241c6a8,0x00000000c3f00000)
 Metaspace       used 20822K, capacity 21080K, committed 21296K, reserved 1069056K
  class space    used 2498K, capacity 2567K, committed 2688K, reserved 1048576K
}
Event: 1.822 GC heap before
{Heap before GC invocations=8 (full 1):
 PSYoungGen      total 35328K, used 32768K [0x00000000eb400000, 0x00000000ed900000, 0x0000000100000000)
  eden space 32768K, 100% used [0x00000000eb400000,0x00000000ed400000,0x00000000ed400000)
  from space 2560K, 0% used [0x00000000ed680000,0x00000000ed680000,0x00000000ed900000)
  to   space 2560K, 0% used [0x00000000ed400000,0x00000000ed400000,0x00000000ed680000)
 ParOldGen       total 35840K, used 8305K [0x00000000c1c00000, 0x00000000c3f00000, 0x00000000eb400000)
  object space 35840K, 23% used [0x00000000c1c00000,0x00000000c241c6a8,0x00000000c3f00000)
 Metaspace       used 23136K, capacity 23484K, committed 23680K, reserved 1071104K
  class space    used 2782K, capacity 2893K, committed 2944K, reserved 1048576K
Event: 1.828 GC heap after
Heap after GC invocations=8 (full 1):
 PSYoungGen      total 35328K, used 2545K [0x00000000eb400000, 0x00000000ed900000, 0x0000000100000000)
  eden space 32768K, 0% used [0x00000000eb400000,0x00000000eb400000,0x00000000ed400000)
  from space 2560K, 99% used [0x00000000ed400000,0x00000000ed67c538,0x00000000ed680000)
  to   space 2560K, 0% used [0x00000000ed680000,0x00000000ed680000,0x00000000ed900000)
 ParOldGen       total 35840K, used 9301K [0x00000000c1c00000, 0x00000000c3f00000, 0x00000000eb400000)
  object space 35840K, 25% used [0x00000000c1c00000,0x00000000c2515580,0x00000000c3f00000)
 Metaspace       used 23136K, capacity 23484K, committed 23680K, reserved 1071104K
  class space    used 2782K, capacity 2893K, committed 2944K, reserved 1048576K
}

