# JRE version: Java(TM) SE Runtime Environment (8.0_111-b14) (build 1.8.0_111-b14)
# Java VM: Java HotSpot(TM) 64-Bit Server VM (25.111-b14 mixed mode windows-amd64 compressed oops)
Heap:
 PSYoungGen      total 67584K, used 25185K [0x00000000eb400000, 0x00000000f2c80000, 0x0000000100000000)
  eden space 59904K, 29% used [0x00000000eb400000,0x00000000ec51fff8,0x00000000eee80000)
  from space 7680K, 99% used [0x00000000efb80000,0x00000000f02f8480,0x00000000f0300000)
  to   space 13312K, 0% used [0x00000000eee80000,0x00000000eee80000,0x00000000efb80000)
 ParOldGen       total 35840K, used 15340K [0x00000000c1c00000, 0x00000000c3f00000, 0x00000000eb400000)
  object space 35840K, 42% used [0x00000000c1c00000,0x00000000c2afb070,0x00000000c3f00000)
 Metaspace       used 30582K, capacity 30936K, committed 31280K, reserved 1077248K
  class space    used 3733K, capacity 3831K, committed 3888K, reserved 1048576K
GC Heap History (10 events):
Event: 1.320 GC heap before
{Heap before GC invocations=5 (full 0):
 PSYoungGen      total 35328K, used 35312K [0x00000000eb400000, 0x00000000ed900000, 0x0000000100000000)
  eden space 32768K, 100% used [0x00000000eb400000,0x00000000ed400000,0x00000000ed400000)
  from space 2560K, 99% used [0x00000000ed680000,0x00000000ed8fc030,0x00000000ed900000)
  to   space 2560K, 0% used [0x00000000ed400000,0x00000000ed400000,0x00000000ed680000)
 ParOldGen       total 44032K, used 7399K [0x00000000c1c00000, 0x00000000c4700000, 0x00000000eb400000)
  object space 44032K, 16% used [0x00000000c1c00000,0x00000000c2339ec0,0x00000000c4700000)
 Metaspace       used 19775K, capacity 20006K, committed 20096K, reserved 1067008K
  class space    used 2369K, capacity 2420K, committed 2432K, reserved 1048576K
Event: 1.332 GC heap after
Heap after GC invocations=5 (full 0):
 PSYoungGen      total 35328K, used 2544K [0x00000000eb400000, 0x00000000f0300000, 0x0000000100000000)
  eden space 32768K, 0% used [0x00000000eb400000,0x00000000eb400000,0x00000000ed400000)
  from space 2560K, 99% used [0x00000000ed400000,0x00000000ed67c010,0x00000000ed680000)
  to   space 7680K, 0% used [0x00000000efb80000,0x00000000efb80000,0x00000000f0300000)
 ParOldGen       total 44032K, used 11656K [0x00000000c1c00000, 0x00000000c4700000, 0x00000000eb400000)
  object space 44032K, 26% used [0x00000000c1c00000,0x00000000c2762288,0x00000000c4700000)
 Metaspace       used 19775K, capacity 20006K, committed 20096K, reserved 1067008K
  class space    used 2369K, capacity 2420K, committed 2432K, reserved 1048576K
}
Event: 1.447 GC heap before
{Heap before GC invocations=6 (full 0):
 PSYoungGen      total 35328K, used 12405K [0x00000000eb400000, 0x00000000f0300000, 0x0000000100000000)
  eden space 32768K, 30% used [0x00000000eb400000,0x00000000ebda1508,0x00000000ed400000)
  from space 2560K, 99% used [0x00000000ed400000,0x00000000ed67c010,0x00000000ed680000)
  to   space 7680K, 0% used [0x00000000efb80000,0x00000000efb80000,0x00000000f0300000)
 ParOldGen       total 44032K, used 11656K [0x00000000c1c00000, 0x00000000c4700000, 0x00000000eb400000)
  object space 44032K, 26% used [0x00000000c1c00000,0x00000000c2762288,0x00000000c4700000)
 Metaspace       used 20889K, capacity 21148K, committed 21296K, reserved 1069056K
  class space    used 2507K, capacity 2589K, committed 2608K, reserved 1048576K
Event: 1.455 GC heap after
Heap after GC invocations=6 (full 0):
 PSYoungGen      total 73216K, used 3668K [0x00000000eb400000, 0x00000000f0300000, 0x0000000100000000)
  eden space 65536K, 0% used [0x00000000eb400000,0x00000000eb400000,0x00000000ef400000)
  from space 7680K, 47% used [0x00000000efb80000,0x00000000eff153d8,0x00000000f0300000)
  to   space 7680K, 0% used [0x00000000ef400000,0x00000000ef400000,0x00000000efb80000)
 ParOldGen       total 44032K, used 11656K [0x00000000c1c00000, 0x00000000c4700000, 0x00000000eb400000)
  object space 44032K, 26% used [0x00000000c1c00000,0x00000000c2762288,0x00000000c4700000)
 Metaspace       used 20889K, capacity 21148K, committed 21296K, reserved 1069056K
  class space    used 2507K, capacity 2589K, committed 2608K, reserved 1048576K
}
Event: 1.455 GC heap before
{Heap before GC invocations=7 (full 1):
 PSYoungGen      total 73216K, used 3668K [0x00000000eb400000, 0x00000000f0300000, 0x0000000100000000)
  eden space 65536K, 0% used [0x00000000eb400000,0x00000000eb400000,0x00000000ef400000)
  from space 7680K, 47% used [0x00000000efb80000,0x00000000eff153d8,0x00000000f0300000)
  to   space 7680K, 0% used [0x00000000ef400000,0x00000000ef400000,0x00000000efb80000)
 ParOldGen       total 44032K, used 11656K [0x00000000c1c00000, 0x00000000c4700000, 0x00000000eb400000)
  object space 44032K, 26% used [0x00000000c1c00000,0x00000000c2762288,0x00000000c4700000)
 Metaspace       used 20889K, capacity 21148K, committed 21296K, reserved 1069056K
  class space    used 2507K, capacity 2589K, committed 2608K, reserved 1048576K
Event: 1.498 GC heap after
Heap after GC invocations=7 (full 1):
 PSYoungGen      total 73216K, used 0K [0x00000000eb400000, 0x00000000f0300000, 0x0000000100000000)
  eden space 65536K, 0% used [0x00000000eb400000,0x00000000eb400000,0x00000000ef400000)
  from space 7680K, 0% used [0x00000000efb80000,0x00000000efb80000,0x00000000f0300000)
  to   space 7680K, 0% used [0x00000000ef400000,0x00000000ef400000,0x00000000efb80000)
 ParOldGen       total 35840K, used 6849K [0x00000000c1c00000, 0x00000000c3f00000, 0x00000000eb400000)
  object space 35840K, 19% used [0x00000000c1c00000,0x00000000c22b0760,0x00000000c3f00000)
 Metaspace       used 20889K, capacity 21148K, committed 21296K, reserved 1069056K
  class space    used 2507K, capacity 2589K, committed 2608K, reserved 1048576K
}
Event: 2.368 GC heap before
{Heap before GC invocations=8 (full 1):
 PSYoungGen      total 73216K, used 65536K [0x00000000eb400000, 0x00000000f0300000, 0x0000000100000000)
  eden space 65536K, 100% used [0x00000000eb400000,0x00000000ef400000,0x00000000ef400000)
  from space 7680K, 0% used [0x00000000efb80000,0x00000000efb80000,0x00000000f0300000)
  to   space 7680K, 0% used [0x00000000ef400000,0x00000000ef400000,0x00000000efb80000)
 ParOldGen       total 35840K, used 6849K [0x00000000c1c00000, 0x00000000c3f00000, 0x00000000eb400000)
  object space 35840K, 19% used [0x00000000c1c00000,0x00000000c22b0760,0x00000000c3f00000)
 Metaspace       used 27170K, capacity 27522K, committed 27824K, reserved 1073152K
  class space    used 3312K, capacity 3406K, committed 3504K, reserved 1048576K
Event: 2.380 GC heap after
Heap after GC invocations=8 (full 1):
 PSYoungGen      total 73216K, used 7666K [0x00000000eb400000, 0x00000000f0300000, 0x0000000100000000)
  eden space 65536K, 0% used [0x00000000eb400000,0x00000000eb400000,0x00000000ef400000)
  from space 7680K, 99% used [0x00000000ef400000,0x00000000efb7ca40,0x00000000efb80000)
  to   space 7680K, 0% used [0x00000000efb80000,0x00000000efb80000,0x00000000f0300000)
 ParOldGen       total 35840K, used 10157K [0x00000000c1c00000, 0x00000000c3f00000, 0x00000000eb400000)
  object space 35840K, 28% used [0x00000000c1c00000,0x00000000c25eb500,0x00000000c3f00000)
 Metaspace       used 27170K, capacity 27522K, committed 27824K, reserved 1073152K
  class space    used 3312K, capacity 3406K, committed 3504K, reserved 1048576K
}
Event: 3.175 GC heap before
{Heap before GC invocations=9 (full 1):
 PSYoungGen      total 73216K, used 73202K [0x00000000eb400000, 0x00000000f0300000, 0x0000000100000000)
  eden space 65536K, 100% used [0x00000000eb400000,0x00000000ef400000,0x00000000ef400000)
  from space 7680K, 99% used [0x00000000ef400000,0x00000000efb7ca40,0x00000000efb80000)
  to   space 7680K, 0% used [0x00000000efb80000,0x00000000efb80000,0x00000000f0300000)
 ParOldGen       total 35840K, used 10157K [0x00000000c1c00000, 0x00000000c3f00000, 0x00000000eb400000)
  object space 35840K, 28% used [0x00000000c1c00000,0x00000000c25eb500,0x00000000c3f00000)
 Metaspace       used 30134K, capacity 30418K, committed 30768K, reserved 1077248K
  class space    used 3677K, capacity 3766K, committed 3888K, reserved 1048576K
Event: 3.188 GC heap after
Heap after GC invocations=9 (full 1):
 PSYoungGen      total 67584K, used 7649K [0x00000000eb400000, 0x00000000f2c80000, 0x0000000100000000)
  eden space 59904K, 0% used [0x00000000eb400000,0x00000000eb400000,0x00000000eee80000)
  from space 7680K, 99% used [0x00000000efb80000,0x00000000f02f8480,0x00000000f0300000)
  to   space 13312K, 0% used [0x00000000eee80000,0x00000000eee80000,0x00000000efb80000)
 ParOldGen       total 35840K, used 15340K [0x00000000c1c00000, 0x00000000c3f00000, 0x00000000eb400000)
  object space 35840K, 42% used [0x00000000c1c00000,0x00000000c2afb070,0x00000000c3f00000)
 Metaspace       used 30134K, capacity 30418K, committed 30768K, reserved 1077248K
  class space    used 3677K, capacity 3766K, committed 3888K, reserved 1048576K
}

