# JRE version: Java(TM) SE Runtime Environment (8.0_111-b14) (build 1.8.0_111-b14)
# Java VM: Java HotSpot(TM) 64-Bit Server VM (25.111-b14 mixed mode windows-amd64 compressed oops)
Heap:
 PSYoungGen      total 73216K, used 13160K [0x00000000eb400000, 0x00000000f0400000, 0x0000000100000000)
  eden space 65024K, 7% used [0x00000000eb400000,0x00000000eb8e1598,0x00000000ef380000)
  from space 8192K, 99% used [0x00000000ef380000,0x00000000efb78d88,0x00000000efb80000)
  to   space 7680K, 0% used [0x00000000efb80000,0x00000000efb80000,0x00000000f0300000)
 ParOldGen       total 34304K, used 7222K [0x00000000c1c00000, 0x00000000c3d80000, 0x00000000eb400000)
  object space 34304K, 21% used [0x00000000c1c00000,0x00000000c230dbb8,0x00000000c3d80000)
 Metaspace       used 26847K, capacity 27170K, committed 27520K, reserved 1073152K
  class space    used 3278K, capacity 3374K, committed 3456K, reserved 1048576K
GC Heap History (10 events):
Event: 0.868 GC heap before
{Heap before GC invocations=4 (full 0):
 PSYoungGen      total 18944K, used 18944K [0x00000000eb400000, 0x00000000ed900000, 0x0000000100000000)
  eden space 16384K, 100% used [0x00000000eb400000,0x00000000ec400000,0x00000000ec400000)
  from space 2560K, 100% used [0x00000000ec400000,0x00000000ec680000,0x00000000ec680000)
  to   space 2560K, 0% used [0x00000000ed680000,0x00000000ed680000,0x00000000ed900000)
 ParOldGen       total 44032K, used 4321K [0x00000000c1c00000, 0x00000000c4700000, 0x00000000eb400000)
  object space 44032K, 9% used [0x00000000c1c00000,0x00000000c20385f8,0x00000000c4700000)
 Metaspace       used 15973K, capacity 16138K, committed 16384K, reserved 1062912K
  class space    used 1918K, capacity 1955K, committed 2048K, reserved 1048576K
Event: 0.874 GC heap after
Heap after GC invocations=4 (full 0):
 PSYoungGen      total 35328K, used 2528K [0x00000000eb400000, 0x00000000ed900000, 0x0000000100000000)
  eden space 32768K, 0% used [0x00000000eb400000,0x00000000eb400000,0x00000000ed400000)
  from space 2560K, 98% used [0x00000000ed680000,0x00000000ed8f8050,0x00000000ed900000)
  to   space 2560K, 0% used [0x00000000ed400000,0x00000000ed400000,0x00000000ed680000)
 ParOldGen       total 44032K, used 7483K [0x00000000c1c00000, 0x00000000c4700000, 0x00000000eb400000)
  object space 44032K, 16% used [0x00000000c1c00000,0x00000000c234ef78,0x00000000c4700000)
 Metaspace       used 15973K, capacity 16138K, committed 16384K, reserved 1062912K
  class space    used 1918K, capacity 1955K, committed 2048K, reserved 1048576K
}
Event: 1.225 GC heap before
{Heap before GC invocations=5 (full 0):
 PSYoungGen      total 35328K, used 35296K [0x00000000eb400000, 0x00000000ed900000, 0x0000000100000000)
  eden space 32768K, 100% used [0x00000000eb400000,0x00000000ed400000,0x00000000ed400000)
  from space 2560K, 98% used [0x00000000ed680000,0x00000000ed8f8050,0x00000000ed900000)
  to   space 2560K, 0% used [0x00000000ed400000,0x00000000ed400000,0x00000000ed680000)
 ParOldGen       total 44032K, used 7483K [0x00000000c1c00000, 0x00000000c4700000, 0x00000000eb400000)
  object space 44032K, 16% used [0x00000000c1c00000,0x00000000c234ef78,0x00000000c4700000)
 Metaspace       used 20686K, capacity 20946K, committed 21120K, reserved 1067008K
  class space    used 2487K, capacity 2566K, committed 2688K, reserved 1048576K
Event: 1.235 GC heap after
Heap after GC invocations=5 (full 0):
 PSYoungGen      total 35328K, used 2544K [0x00000000eb400000, 0x00000000f0300000, 0x0000000100000000)
  eden space 32768K, 0% used [0x00000000eb400000,0x00000000eb400000,0x00000000ed400000)
  from space 2560K, 99% used [0x00000000ed400000,0x00000000ed67c010,0x00000000ed680000)
  to   space 7680K, 0% used [0x00000000efb80000,0x00000000efb80000,0x00000000f0300000)
 ParOldGen       total 44032K, used 11742K [0x00000000c1c00000, 0x00000000c4700000, 0x00000000eb400000)
  object space 44032K, 26% used [0x00000000c1c00000,0x00000000c2777ad0,0x00000000c4700000)
 Metaspace       used 20686K, capacity 20946K, committed 21120K, reserved 1067008K
  class space    used 2487K, capacity 2566K, committed 2688K, reserved 1048576K
}
Event: 1.265 GC heap before
{Heap before GC invocations=6 (full 0):
 PSYoungGen      total 35328K, used 5157K [0x00000000eb400000, 0x00000000f0300000, 0x0000000100000000)
  eden space 32768K, 7% used [0x00000000eb400000,0x00000000eb68d520,0x00000000ed400000)
  from space 2560K, 99% used [0x00000000ed400000,0x00000000ed67c010,0x00000000ed680000)
  to   space 7680K, 0% used [0x00000000efb80000,0x00000000efb80000,0x00000000f0300000)
 ParOldGen       total 44032K, used 11742K [0x00000000c1c00000, 0x00000000c4700000, 0x00000000eb400000)
  object space 44032K, 26% used [0x00000000c1c00000,0x00000000c2777ad0,0x00000000c4700000)
 Metaspace       used 20810K, capacity 21080K, committed 21296K, reserved 1069056K
  class space    used 2501K, capacity 2567K, committed 2688K, reserved 1048576K
Event: 1.270 GC heap after
Heap after GC invocations=6 (full 0):
 PSYoungGen      total 72704K, used 2816K [0x00000000eb400000, 0x00000000f0400000, 0x0000000100000000)
  eden space 65024K, 0% used [0x00000000eb400000,0x00000000eb400000,0x00000000ef380000)
  from space 7680K, 36% used [0x00000000efb80000,0x00000000efe40000,0x00000000f0300000)
  to   space 8192K, 0% used [0x00000000ef380000,0x00000000ef380000,0x00000000efb80000)
 ParOldGen       total 44032K, used 11750K [0x00000000c1c00000, 0x00000000c4700000, 0x00000000eb400000)
  object space 44032K, 26% used [0x00000000c1c00000,0x00000000c2779ad0,0x00000000c4700000)
 Metaspace       used 20810K, capacity 21080K, committed 21296K, reserved 1069056K
  class space    used 2501K, capacity 2567K, committed 2688K, reserved 1048576K
}
Event: 1.270 GC heap before
{Heap before GC invocations=7 (full 1):
 PSYoungGen      total 72704K, used 2816K [0x00000000eb400000, 0x00000000f0400000, 0x0000000100000000)
  eden space 65024K, 0% used [0x00000000eb400000,0x00000000eb400000,0x00000000ef380000)
  from space 7680K, 36% used [0x00000000efb80000,0x00000000efe40000,0x00000000f0300000)
  to   space 8192K, 0% used [0x00000000ef380000,0x00000000ef380000,0x00000000efb80000)
 ParOldGen       total 44032K, used 11750K [0x00000000c1c00000, 0x00000000c4700000, 0x00000000eb400000)
  object space 44032K, 26% used [0x00000000c1c00000,0x00000000c2779ad0,0x00000000c4700000)
 Metaspace       used 20810K, capacity 21080K, committed 21296K, reserved 1069056K
  class space    used 2501K, capacity 2567K, committed 2688K, reserved 1048576K
Event: 1.309 GC heap after
Heap after GC invocations=7 (full 1):
 PSYoungGen      total 72704K, used 0K [0x00000000eb400000, 0x00000000f0400000, 0x0000000100000000)
  eden space 65024K, 0% used [0x00000000eb400000,0x00000000eb400000,0x00000000ef380000)
  from space 7680K, 0% used [0x00000000efb80000,0x00000000efb80000,0x00000000f0300000)
  to   space 8192K, 0% used [0x00000000ef380000,0x00000000ef380000,0x00000000efb80000)
 ParOldGen       total 34304K, used 6150K [0x00000000c1c00000, 0x00000000c3d80000, 0x00000000eb400000)
  object space 34304K, 17% used [0x00000000c1c00000,0x00000000c2201938,0x00000000c3d80000)
 Metaspace       used 20810K, capacity 21080K, committed 21296K, reserved 1069056K
  class space    used 2501K, capacity 2567K, committed 2688K, reserved 1048576K
}
Event: 2.192 GC heap before
{Heap before GC invocations=8 (full 1):
 PSYoungGen      total 72704K, used 65024K [0x00000000eb400000, 0x00000000f0400000, 0x0000000100000000)
  eden space 65024K, 100% used [0x00000000eb400000,0x00000000ef380000,0x00000000ef380000)
  from space 7680K, 0% used [0x00000000efb80000,0x00000000efb80000,0x00000000f0300000)
  to   space 8192K, 0% used [0x00000000ef380000,0x00000000ef380000,0x00000000efb80000)
 ParOldGen       total 34304K, used 6150K [0x00000000c1c00000, 0x00000000c3d80000, 0x00000000eb400000)
  object space 34304K, 17% used [0x00000000c1c00000,0x00000000c2201938,0x00000000c3d80000)
 Metaspace       used 26131K, capacity 26434K, committed 26624K, reserved 1073152K
  class space    used 3192K, capacity 3278K, committed 3328K, reserved 1048576K
Event: 2.200 GC heap after
Heap after GC invocations=8 (full 1):
 PSYoungGen      total 73216K, used 8163K [0x00000000eb400000, 0x00000000f0400000, 0x0000000100000000)
  eden space 65024K, 0% used [0x00000000eb400000,0x00000000eb400000,0x00000000ef380000)
  from space 8192K, 99% used [0x00000000ef380000,0x00000000efb78d88,0x00000000efb80000)
  to   space 7680K, 0% used [0x00000000efb80000,0x00000000efb80000,0x00000000f0300000)
 ParOldGen       total 34304K, used 7222K [0x00000000c1c00000, 0x00000000c3d80000, 0x00000000eb400000)
  object space 34304K, 21% used [0x00000000c1c00000,0x00000000c230dbb8,0x00000000c3d80000)
 Metaspace       used 26131K, capacity 26434K, committed 26624K, reserved 1073152K
  class space    used 3192K, capacity 3278K, committed 3328K, reserved 1048576K
}

